2018-06-01 12:19:14 +0300 (Full) >> ===== C4: Pos:J8. Speed:1.0. Distance: 15.0 (0)
2018-06-01 12:19:14 +0300 (Debug) C4> [J8, 15.0]
2018-06-01 12:19:14 +0300 (Full) >> ===== C6: Pos:J12. Speed:1.0. Distance: 17.0 (0)
2018-06-01 12:19:14 +0300 (Debug) C6> [J12, 17.0]
2018-06-01 12:19:14 +0300 (Full) >> ===== C4: Pos:J8. Speed:1.0. Distance: 16.0 (0)
2018-06-01 12:19:14 +0300 (Debug) C4> [J8, 16.0]
2018-06-01 12:19:14 +0300 (Full) >> ===== C6: Pos:J12. Speed:1.0. Distance: 18.0 (0)
2018-06-01 12:19:14 +0300 (Debug) C6> [J12, 18.0]
2018-06-01 12:19:14 +0300 (Full) >> ===== C4: Pos:J8. Speed:1.0. Distance: 17.0 (0)
2018-06-01 12:19:14 +0300 (Debug) C4> [J8, 17.0]
2018-06-01 12:19:14 +0300 (Full) >> ===== C6: Pos:J12. Speed:1.0. Distance: 19.0 (0)
2018-06-01 12:19:14 +0300 (Debug) C6> [J12, 19.0]
2018-06-01 12:19:14 +0300 (Full) >> ===== C4: Pos:J8. Speed:1.0. Distance: 18.0 (0)
2018-06-01 12:19:14 +0300 (Debug) C4> [J8, 18.0]
2018-06-01 12:19:14 +0300 (Full) >> ===== C6: Pos:J12. Speed:1.0. Distance: 20.0 (0)
2018-06-01 12:19:15 +0300 (Full) >> ===== C4: Pos:J8. Speed:1.0. Distance: 19.0 (0)
2018-06-01 12:19:15 +0300 (Debug) C4> [J8, 19.0]
2018-06-01 12:19:15 +0300 (Full) >> ===== C6: Pos:R33. Speed:0.0. Distance: 0.0 (40.0)
2018-06-01 12:19:15 +0300 (Debug) C6> calc_new_accel: 0.6.
2018-06-01 12:19:15 +0300 (Full) >> ===== C4: Pos:J8. Speed:1.0. Distance: 20.0 (0)
2018-06-01 12:19:15 +0300 (Full) >> ===== C6: Pos:R33. Speed:0.6. Distance: 0.6 (39.4)
2018-06-01 12:19:15 +0300 (Debug) C6> calc_new_accel: 0.6.
2018-06-01 12:19:15 +0300 (Full) >> ===== C6: Pos:R33. Speed:1.2. Distance: 1.8 (38.2)
2018-06-01 12:19:15 +0300 (Debug) C6> calc_new_accel: 0.6.
2018-06-01 12:19:15 +0300 (Full) >> ===== C4: Pos:R19. Speed:0.0. Distance: 0.0 (50.0)
2018-06-01 12:19:15 +0300 (Debug) C4> calc_new_accel: 0.6.
2018-06-01 12:19:15 +0300 (Full) >> ===== C6: Pos:R33. Speed:1.8. Distance: 3.6 (36.4)
2018-06-01 12:19:15 +0300 (Debug) C6> calc_new_accel: 0.6.
2018-06-01 12:19:15 +0300 (Full) >> ===== C4: Pos:R19. Speed:0.6. Distance: 0.6 (49.4)
2018-06-01 12:19:15 +0300 (Debug) C4> calc_new_accel: 0.6.
2018-06-01 12:19:15 +0300 (Full) >> ===== C6: Pos:R33. Speed:2.4. Distance: 6.0 (34.0)
2018-06-01 12:19:15 +0300 (Debug) C6> calc_new_accel: 0.6.
2018-06-01 12:19:15 +0300 (Full) >> ===== C4: Pos:R19. Speed:1.2. Distance: 1.8 (48.2)
2018-06-01 12:19:15 +0300 (Debug) C4> calc_new_accel: 0.6.
2018-06-01 12:19:15 +0300 (Full) >> ===== C6: Pos:R33. Speed:3.0. Distance: 9.0 (31.0)
2018-06-01 12:19:15 +0300 (Debug) C6> calc_new_accel: 0.6.
2018-06-01 12:19:15 +0300 (Full) >> ===== C4: Pos:R19. Speed:1.8. Distance: 3.6 (46.4)
2018-06-01 12:19:15 +0300 (Debug) C4> calc_new_accel: 0.6.
2018-06-01 12:19:15 +0300 (Full) >> ===== C6: Pos:R33. Speed:3.6. Distance: 12.6 (27.4)
2018-06-01 12:19:15 +0300 (Debug) C6> calc_new_accel: 0.6.
2018-06-01 12:19:15 +0300 (Full) >> ===== C4: Pos:R19. Speed:2.4. Distance: 6.0 (44.0)
2018-06-01 12:19:15 +0300 (Debug) C4> calc_new_accel: 0.6.
2018-06-01 12:19:15 +0300 (Full) >> ===== C6: Pos:R33. Speed:4.2. Distance: 16.8 (23.2)
2018-06-01 12:19:15 +0300 (Debug) C6> calc_new_accel: -0.6.
2018-06-01 12:19:15 +0300 (Full) >> ===== C4: Pos:R19. Speed:3.0. Distance: 9.0 (41.0)
2018-06-01 12:19:15 +0300 (Debug) C4> calc_new_accel: 0.6.
2018-06-01 12:19:16 +0300 (Full) >> ===== C6: Pos:R33. Speed:3.6. Distance: 20.4 (19.6)
2018-06-01 12:19:16 +0300 (Debug) C6> calc_new_accel: -0.6.
2018-06-01 12:19:16 +0300 (Full) >> ===== C4: Pos:R19. Speed:3.6. Distance: 12.6 (37.4)
2018-06-01 12:19:16 +0300 (Debug) C4> calc_new_accel: 0.6.
2018-06-01 12:19:16 +0300 (Full) >> ===== C6: Pos:R33. Speed:3.0. Distance: 23.4 (16.6)
2018-06-01 12:19:16 +0300 (Debug) C6> calc_new_accel: -0.3.
2018-06-01 12:19:16 +0300 (Full) >> ===== C4: Pos:R19. Speed:4.2. Distance: 16.8 (33.2)
2018-06-01 12:19:16 +0300 (Debug) C4> calc_new_accel: 0.6.
2018-06-01 12:19:16 +0300 (Full) >> ===== C6: Pos:R33. Speed:2.7. Distance: 26.1 (13.9)
2018-06-01 12:19:16 +0300 (Debug) C6> calc_new_accel: -0.3.
2018-06-01 12:19:16 +0300 (Full) >> ===== C4: Pos:R19. Speed:4.8. Distance: 21.6 (28.4)
2018-06-01 12:19:16 +0300 (Debug) C4> calc_new_accel: -0.6.
2018-06-01 12:19:16 +0300 (Full) >> ===== C6: Pos:R33. Speed:2.4. Distance: 28.5 (11.5)
2018-06-01 12:19:16 +0300 (Debug) C6> calc_new_accel: -0.3.
2018-06-01 12:19:16 +0300 (Full) >> ===== C4: Pos:R19. Speed:4.2. Distance: 25.8 (24.2)
2018-06-01 12:19:16 +0300 (Debug) C4> calc_new_accel: -0.6.
2018-06-01 12:19:16 +0300 (Full) >> ===== C6: Pos:R33. Speed:2.1. Distance: 30.6 (9.4)
2018-06-01 12:19:16 +0300 (Debug) C6> calc_new_accel: -0.3.
2018-06-01 12:19:16 +0300 (Full) >> ===== C4: Pos:R19. Speed:3.6. Distance: 29.4 (20.6)
2018-06-01 12:19:16 +0300 (Debug) C4> calc_new_accel: -0.6.
2018-06-01 12:19:16 +0300 (Full) >> ===== C6: Pos:R33. Speed:1.8. Distance: 32.4 (7.6)
2018-06-01 12:19:16 +0300 (Debug) C6> calc_new_accel: -0.3.
2018-06-01 12:19:16 +0300 (Full) >> ===== C4: Pos:R19. Speed:3.0. Distance: 32.4 (17.6)
2018-06-01 12:19:16 +0300 (Debug) C4> calc_new_accel: -0.3.
2018-06-01 12:19:16 +0300 (Full) >> ===== C6: Pos:R33. Speed:1.5. Distance: 33.9 (6.1)
2018-06-01 12:19:16 +0300 (Debug) C6> calc_new_accel: -0.3.
2018-06-01 12:19:16 +0300 (Full) >> ===== C4: Pos:R19. Speed:2.7. Distance: 35.1 (14.9)
2018-06-01 12:19:16 +0300 (Debug) C4> calc_new_accel: -0.3.
2018-06-01 12:19:16 +0300 (Full) >> ===== C6: Pos:R33. Speed:1.2. Distance: 35.1 (4.9)
2018-06-01 12:19:16 +0300 (Debug) C6> calc_new_accel: -0.3.
2018-06-01 12:19:16 +0300 (Full) >> ===== C4: Pos:R19. Speed:2.4. Distance: 37.5 (12.5)
2018-06-01 12:19:16 +0300 (Debug) C4> calc_new_accel: -0.3.
2018-06-01 12:19:16 +0300 (Full) >> ===== C6: Pos:R33. Speed:0.9. Distance: 36.0 (4.0)
2018-06-01 12:19:16 +0300 (Debug) C6> calc_new_accel: -0.3.
2018-06-01 12:19:16 +0300 (Full) >> ===== C4: Pos:R19. Speed:2.1. Distance: 39.6 (10.4)
2018-06-01 12:19:16 +0300 (Debug) C4> calc_new_accel: -0.3.
2018-06-01 12:19:17 +0300 (Full) >> ===== C6: Pos:R33. Speed:0.6. Distance: 36.6 (3.4)
2018-06-01 12:19:17 +0300 (Debug) C6> calc_new_accel: 0.0.
2018-06-01 12:19:17 +0300 (Full) >> ===== C4: Pos:R19. Speed:1.8. Distance: 41.4 (8.6)
2018-06-01 12:19:17 +0300 (Debug) C4> calc_new_accel: -0.3.
2018-06-01 12:19:17 +0300 (Full) >> ===== C6: Pos:R33. Speed:0.6. Distance: 37.2 (2.8)
2018-06-01 12:19:17 +0300 (Debug) C6> calc_new_accel: 0.0.
2018-06-01 12:19:17 +0300 (Full) >> ===== C4: Pos:R19. Speed:1.5. Distance: 42.9 (7.1)
2018-06-01 12:19:17 +0300 (Debug) C4> calc_new_accel: -0.3.
2018-06-01 12:19:17 +0300 (Full) >> ===== C6: Pos:R33. Speed:0.6. Distance: 37.8 (2.2)
2018-06-01 12:19:17 +0300 (Debug) C6> calc_new_accel: 0.0.
2018-06-01 12:19:17 +0300 (Full) >> ===== C4: Pos:R19. Speed:1.2. Distance: 44.1 (5.9)
2018-06-01 12:19:17 +0300 (Debug) C4> calc_new_accel: -0.3.
2018-06-01 12:19:17 +0300 (Full) >> ===== C6: Pos:R33. Speed:0.6. Distance: 38.4 (1.6)
2018-06-01 12:19:17 +0300 (Debug) C6> calc_new_accel: 0.0.
2018-06-01 12:19:17 +0300 (Full) >> ===== C4: Pos:R19. Speed:0.9. Distance: 45.0 (5.0)
2018-06-01 12:19:17 +0300 (Debug) C4> calc_new_accel: -0.3.
2018-06-01 12:19:17 +0300 (Full) >> ===== C6: Pos:R33. Speed:0.6. Distance: 39.0 (1.0)
2018-06-01 12:19:17 +0300 (Debug) C6> calc_new_accel: 0.0.
2018-06-01 12:19:17 +0300 (Full) >> ===== C4: Pos:R19. Speed:0.6. Distance: 45.6 (4.4)
2018-06-01 12:19:17 +0300 (Debug) C4> calc_new_accel: 0.0.
2018-06-01 12:19:17 +0300 (Full) >> ===== C6: Pos:R33. Speed:0.6. Distance: 39.6 (0.4)
2018-06-01 12:19:17 +0300 (Full) >> ===== C4: Pos:R19. Speed:0.6. Distance: 46.2 (3.8)
2018-06-01 12:19:17 +0300 (Debug) C4> calc_new_accel: 0.0.
2018-06-01 12:19:17 +0300 (Full) >> ===== C6: Pos:R33. Speed:0.6. Distance: 40.2 (-0.2)
2018-06-01 12:19:17 +0300 (Debug) C6> [J13, 0]
2018-06-01 12:19:17 +0300 (Full) >> ===== C4: Pos:R19. Speed:0.6. Distance: 46.8 (3.2)
2018-06-01 12:19:17 +0300 (Debug) C4> calc_new_accel: 0.0.
2018-06-01 12:19:17 +0300 (Full) >> ===== C6: Pos:J13. Speed:1.0. Distance: 1.0 (0)
2018-06-01 12:19:17 +0300 (Debug) C6> [J13, 1.0]
2018-06-01 12:19:17 +0300 (Full) >> ===== C4: Pos:R19. Speed:0.6. Distance: 47.4 (2.6)
2018-06-01 12:19:17 +0300 (Debug) C4> calc_new_accel: 0.0.
2018-06-01 12:19:17 +0300 (Full) >> ===== C6: Pos:J13. Speed:1.0. Distance: 2.0 (0)
2018-06-01 12:19:17 +0300 (Debug) C6> [J13, 2.0]
2018-06-01 12:19:17 +0300 (Full) >> ===== C4: Pos:R19. Speed:0.6. Distance: 48.0 (2.0)
2018-06-01 12:19:17 +0300 (Debug) C4> calc_new_accel: 0.0.
2018-06-01 12:19:18 +0300 (Full) >> ===== C6: Pos:J13. Speed:1.0. Distance: 3.0 (0)
2018-06-01 12:19:18 +0300 (Debug) C6> [J13, 3.0]
2018-06-01 12:19:18 +0300 (Full) >> ===== C4: Pos:R19. Speed:0.6. Distance: 48.6 (1.4)
2018-06-01 12:19:18 +0300 (Debug) C4> calc_new_accel: 0.0.
2018-06-01 12:19:18 +0300 (Full) >> ===== C6: Pos:J13. Speed:1.0. Distance: 4.0 (0)
2018-06-01 12:19:18 +0300 (Debug) C6> [J13, 4.0]
2018-06-01 12:19:18 +0300 (Full) >> ===== C4: Pos:R19. Speed:0.6. Distance: 49.2 (0.8)
2018-06-01 12:19:18 +0300 (Debug) C4> calc_new_accel: 0.0.
2018-06-01 12:19:18 +0300 (Full) >> ===== C6: Pos:J13. Speed:1.0. Distance: 5.0 (0)
2018-06-01 12:19:18 +0300 (Debug) C6> [J13, 5.0]
2018-06-01 12:19:18 +0300 (Full) >> ===== C4: Pos:R19. Speed:0.6. Distance: 49.8 (0.2)
2018-06-01 12:19:18 +0300 (Full) >> ===== C6: Pos:J13. Speed:1.0. Distance: 6.0 (0)
2018-06-01 12:19:18 +0300 (Debug) C6> [J13, 6.0]
2018-06-01 12:19:18 +0300 (Full) >> ===== C4: Pos:R19. Speed:0.6. Distance: 50.4 (-0.4)
2018-06-01 12:19:18 +0300 (Debug) C4> [J9, 0]
2018-06-01 12:19:18 +0300 (Full) >> ===== C6: Pos:J13. Speed:1.0. Distance: 7.0 (0)
2018-06-01 12:19:18 +0300 (Debug) C6> [J13, 7.0]
2018-06-01 12:19:18 +0300 (Full) >> ===== C4: Pos:J9. Speed:1.0. Distance: 1.0 (0)
2018-06-01 12:19:18 +0300 (Debug) C4> [J9, 1.0]
2018-06-01 12:19:18 +0300 (Full) >> ===== C6: Pos:J13. Speed:1.0. Distance: 8.0 (0)
2018-06-01 12:19:18 +0300 (Debug) C6> [J13, 8.0]
2018-06-01 12:19:18 +0300 (Full) >> ===== C4: Pos:J9. Speed:1.0. Distance: 2.0 (0)
2018-06-01 12:19:18 +0300 (Debug) C4> [J9, 2.0]
2018-06-01 12:19:18 +0300 (Full) >> ===== C6: Pos:J13. Speed:1.0. Distance: 9.0 (0)
2018-06-01 12:19:18 +0300 (Debug) C6> [J13, 9.0]
2018-06-01 12:19:18 +0300 (Full) >> ===== C4: Pos:J9. Speed:1.0. Distance: 3.0 (0)
2018-06-01 12:19:18 +0300 (Debug) C4> [J9, 3.0]
2018-06-01 12:19:18 +0300 (Full) >> ===== C6: Pos:J13. Speed:1.0. Distance: 10.0 (0)
2018-06-01 12:19:18 +0300 (Debug) C6> [J13, 10.0]
2018-06-01 12:19:18 +0300 (Full) >> ===== C4: Pos:J9. Speed:1.0. Distance: 4.0 (0)
2018-06-01 12:19:18 +0300 (Debug) C4> [J9, 4.0]
2018-06-01 12:19:18 +0300 (Full) >> ===== C6: Pos:J13. Speed:1.0. Distance: 11.0 (0)
2018-06-01 12:19:18 +0300 (Debug) C6> [J13, 11.0]
2018-06-01 12:19:18 +0300 (Full) >> ===== C4: Pos:J9. Speed:1.0. Distance: 5.0 (0)
2018-06-01 12:19:18 +0300 (Debug) C4> [J9, 5.0]
2018-06-01 12:19:19 +0300 (Full) >> ===== C6: Pos:J13. Speed:1.0. Distance: 12.0 (0)
2018-06-01 12:19:19 +0300 (Debug) C6> [J13, 12.0]
2018-06-01 12:19:19 +0300 (Full) >> ===== C4: Pos:J9. Speed:1.0. Distance: 6.0 (0)
2018-06-01 12:19:19 +0300 (Debug) C4> [J9, 6.0]
2018-06-01 12:19:19 +0300 (Full) >> ===== C6: Pos:J13. Speed:1.0. Distance: 13.0 (0)
2018-06-01 12:19:19 +0300 (Debug) C6> [J13, 13.0]
2018-06-01 12:19:19 +0300 (Full) >> ===== C4: Pos:J9. Speed:1.0. Distance: 7.0 (0)
2018-06-01 12:19:19 +0300 (Debug) C4> [J9, 7.0]
2018-06-01 12:19:19 +0300 (Full) >> ===== C6: Pos:J13. Speed:1.0. Distance: 14.0 (0)
2018-06-01 12:19:19 +0300 (Debug) C6> [J13, 14.0]
2018-06-01 12:19:19 +0300 (Full) >> ===== C4: Pos:J9. Speed:1.0. Distance: 8.0 (0)
2018-06-01 12:19:19 +0300 (Debug) C4> [J9, 8.0]
2018-06-01 12:19:19 +0300 (Full) >> ===== C6: Pos:J13. Speed:1.0. Distance: 15.0 (0)
2018-06-01 12:19:19 +0300 (Debug) C6> [J13, 15.0]
2018-06-01 12:19:19 +0300 (Full) >> ===== C4: Pos:J9. Speed:1.0. Distance: 9.0 (0)
2018-06-01 12:19:19 +0300 (Debug) C4> [J9, 9.0]
2018-06-01 12:19:19 +0300 (Full) >> ===== C6: Pos:J13. Speed:1.0. Distance: 16.0 (0)
2018-06-01 12:19:19 +0300 (Debug) C6> [J13, 16.0]
2018-06-01 12:19:19 +0300 (Full) >> ===== C4: Pos:J9. Speed:1.0. Distance: 10.0 (0)
2018-06-01 12:19:19 +0300 (Debug) C4> [J9, 10.0]
2018-06-01 12:19:19 +0300 (Full) >> ===== C6: Pos:J13. Speed:1.0. Distance: 17.0 (0)
2018-06-01 12:19:19 +0300 (Debug) C6> [J13, 17.0]
2018-06-01 12:19:19 +0300 (Full) >> ===== C4: Pos:J9. Speed:1.0. Distance: 11.0 (0)
2018-06-01 12:19:19 +0300 (Debug) C4> [J9, 11.0]
2018-06-01 12:19:19 +0300 (Full) >> ===== C6: Pos:J13. Speed:1.0. Distance: 18.0 (0)
2018-06-01 12:19:19 +0300 (Debug) C6> [J13, 18.0]
2018-06-01 12:19:19 +0300 (Full) >> ===== C4: Pos:J9. Speed:1.0. Distance: 12.0 (0)
2018-06-01 12:19:19 +0300 (Debug) C4> [J9, 12.0]
2018-06-01 12:19:19 +0300 (Full) >> ===== C6: Pos:J13. Speed:1.0. Distance: 19.0 (0)
2018-06-01 12:19:19 +0300 (Debug) C6> [J13, 19.0]
2018-06-01 12:19:19 +0300 (Full) >> ===== C4: Pos:J9. Speed:1.0. Distance: 13.0 (0)
2018-06-01 12:19:19 +0300 (Debug) C4> [J9, 13.0]
2018-06-01 12:19:19 +0300 (Full) >> ===== C6: Pos:J13. Speed:1.0. Distance: 20.0 (0)
2018-06-01 12:19:19 +0300 (Full) >> ===== C4: Pos:J9. Speed:1.0. Distance: 14.0 (0)
2018-06-01 12:19:19 +0300 (Debug) C4> [J9, 14.0]
2018-06-01 12:19:19 +0300 (Full) >> ===== C6: Pos:R32. Speed:0.6. Distance: 0.6 (39.4)
2018-06-01 12:19:19 +0300 (Debug) C6> calc_new_accel: 0.6.
2018-06-01 12:19:20 +0300 (Full) >> ===== C4: Pos:J9. Speed:1.0. Distance: 15.0 (0)
2018-06-01 12:19:20 +0300 (Debug) C4> [J9, 15.0]
2018-06-01 12:19:20 +0300 (Full) >> ===== C6: Pos:R32. Speed:1.2. Distance: 1.8 (38.2)
2018-06-01 12:19:20 +0300 (Debug) C6> calc_new_accel: 0.6.
2018-06-01 12:19:20 +0300 (Full) >> ===== C4: Pos:J9. Speed:1.0. Distance: 16.0 (0)
2018-06-01 12:19:20 +0300 (Debug) C4> [J9, 16.0]
2018-06-01 12:19:20 +0300 (Full) >> ===== C6: Pos:R32. Speed:1.8. Distance: 3.6 (36.4)
2018-06-01 12:19:20 +0300 (Full) >> ===== C4: Pos:J9. Speed:1.0. Distance: 17.0 (0)
2018-06-01 12:19:20 +0300 (Debug) C6> calc_new_accel: 0.6.
2018-06-01 12:19:20 +0300 (Debug) C4> [J9, 17.0]
2018-06-01 12:19:20 +0300 (Full) >> ===== C6: Pos:R32. Speed:2.4. Distance: 6.0 (34.0)
2018-06-01 12:19:20 +0300 (Debug) C6> calc_new_accel: 0.6.
2018-06-01 12:19:20 +0300 (Full) >> ===== C4: Pos:J9. Speed:1.0. Distance: 18.0 (0)
2018-06-01 12:19:20 +0300 (Debug) C4> [J9, 18.0]
2018-06-01 12:19:20 +0300 (Full) >> ===== C6: Pos:R32. Speed:3.0. Distance: 9.0 (31.0)
2018-06-01 12:19:20 +0300 (Debug) C6> calc_new_accel: 0.6.
2018-06-01 12:19:20 +0300 (Full) >> ===== C4: Pos:J9. Speed:1.0. Distance: 19.0 (0)
2018-06-01 12:19:20 +0300 (Debug) C4> [J9, 19.0]
2018-06-01 12:19:20 +0300 (Full) >> ===== C6: Pos:R32. Speed:3.6. Distance: 12.6 (27.4)
2018-06-01 12:19:20 +0300 (Debug) C6> calc_new_accel: 0.6.
2018-06-01 12:19:20 +0300 (Full) >> ===== C4: Pos:J9. Speed:1.0. Distance: 20.0 (0)
2018-06-01 12:19:20 +0300 (Full) >> ===== C6: Pos:R32. Speed:4.2. Distance: 16.8 (23.2)
2018-06-01 12:19:20 +0300 (Debug) C6> calc_new_accel: -0.6.
2018-06-01 12:19:20 +0300 (Full) >> ===== C4: Pos:R25. Speed:0.6. Distance: 0.6 (19.4)
2018-06-01 12:19:20 +0300 (Debug) C4> calc_new_accel: 0.6.
2018-06-01 12:19:20 +0300 (Full) >> ===== C6: Pos:R32. Speed:3.6. Distance: 20.4 (19.6)
2018-06-01 12:19:20 +0300 (Debug) C6> calc_new_accel: -0.6.
2018-06-01 12:19:20 +0300 (Full) >> ===== C4: Pos:R25. Speed:1.2. Distance: 1.8 (18.2)
2018-06-01 12:19:20 +0300 (Debug) C4> calc_new_accel: 0.6.
2018-06-01 12:19:20 +0300 (Full) >> ===== C6: Pos:R32. Speed:3.0. Distance: 23.4 (16.6)
2018-06-01 12:19:20 +0300 (Debug) C6> calc_new_accel: -0.3.
2018-06-01 12:19:21 +0300 (Full) >> ===== C4: Pos:R25. Speed:1.8. Distance: 3.6 (16.4)
2018-06-01 12:19:21 +0300 (Debug) C4> calc_new_accel: 0.6.
2018-06-01 12:19:21 +0300 (Full) >> ===== C6: Pos:R32. Speed:2.7. Distance: 26.1 (13.9)
2018-06-01 12:19:21 +0300 (Debug) C6> calc_new_accel: -0.3.
2018-06-01 12:19:21 +0300 (Full) >> ===== C4: Pos:R25. Speed:2.4. Distance: 6.0 (14.0)
2018-06-01 12:19:21 +0300 (Debug) C4> calc_new_accel: 0.6.
2018-06-01 12:19:21 +0300 (Full) >> ===== C6: Pos:R32. Speed:2.4. Distance: 28.5 (11.5)
2018-06-01 12:19:21 +0300 (Debug) C6> calc_new_accel: -0.3.
2018-06-01 12:19:21 +0300 (Full) >> ===== C4: Pos:R25. Speed:3.0. Distance: 9.0 (11.0)
2018-06-01 12:19:21 +0300 (Debug) C4> calc_new_accel: -0.6.
2018-06-01 12:19:21 +0300 (Full) >> ===== C6: Pos:R32. Speed:2.1. Distance: 30.6 (9.4)
2018-06-01 12:19:21 +0300 (Debug) C6> calc_new_accel: -0.3.
2018-06-01 12:19:21 +0300 (Full) >> ===== C4: Pos:R25. Speed:2.4. Distance: 11.4 (8.6)
2018-06-01 12:19:21 +0300 (Debug) C4> calc_new_accel: -0.6.
2018-06-01 12:19:21 +0300 (Full) >> ===== C6: Pos:R32. Speed:1.8. Distance: 32.4 (7.6)
2018-06-01 12:19:21 +0300 (Debug) C6> calc_new_accel: -0.3.
2018-06-01 12:19:21 +0300 (Full) >> ===== C4: Pos:R25. Speed:1.8. Distance: 13.2 (6.8)
2018-06-01 12:19:21 +0300 (Debug) C4> calc_new_accel: -0.3.
2018-06-01 12:19:21 +0300 (Full) >> ===== C6: Pos:R32. Speed:1.5. Distance: 33.9 (6.1)
2018-06-01 12:19:21 +0300 (Debug) C6> calc_new_accel: -0.3.
2018-06-01 12:19:21 +0300 (Full) >> ===== C4: Pos:R25. Speed:1.5. Distance: 14.7 (5.3)
2018-06-01 12:19:21 +0300 (Debug) C4> calc_new_accel: -0.3.
2018-06-01 12:19:21 +0300 (Full) >> ===== C6: Pos:R32. Speed:1.2. Distance: 35.1 (4.9)
2018-06-01 12:19:21 +0300 (Debug) C6> calc_new_accel: -0.3.
2018-06-01 12:19:21 +0300 (Full) >> ===== C4: Pos:R25. Speed:1.2. Distance: 15.9 (4.1)
2018-06-01 12:19:21 +0300 (Debug) C4> calc_new_accel: -0.3.
2018-06-01 12:19:21 +0300 (Full) >> ===== C6: Pos:R32. Speed:0.9. Distance: 36.0 (4.0)
2018-06-01 12:19:21 +0300 (Debug) C6> calc_new_accel: -0.3.
2018-06-01 12:19:21 +0300 (Full) >> ===== C4: Pos:R25. Speed:0.9. Distance: 16.8 (3.2)
2018-06-01 12:19:21 +0300 (Debug) C4> calc_new_accel: -0.3.
2018-06-01 12:19:21 +0300 (Full) >> ===== C6: Pos:R32. Speed:0.6. Distance: 36.6 (3.4)
2018-06-01 12:19:21 +0300 (Debug) C6> calc_new_accel: 0.0.
2018-06-01 12:19:21 +0300 (Full) >> ===== C4: Pos:R25. Speed:0.6. Distance: 17.4 (2.6)
2018-06-01 12:19:21 +0300 (Debug) C4> calc_new_accel: 0.0.
2018-06-01 12:19:21 +0300 (Full) >> ===== C6: Pos:R32. Speed:0.6. Distance: 37.2 (2.8)
2018-06-01 12:19:21 +0300 (Debug) C6> calc_new_accel: 0.0.
2018-06-01 12:19:22 +0300 (Full) >> ===== C4: Pos:R25. Speed:0.6. Distance: 18.0 (2.0)
2018-06-01 12:19:22 +0300 (Debug) C4> calc_new_accel: 0.0.
2018-06-01 12:19:22 +0300 (Full) >> ===== C6: Pos:R32. Speed:0.6. Distance: 37.8 (2.2)
2018-06-01 12:19:22 +0300 (Debug) C6> calc_new_accel: 0.0.
2018-06-01 12:19:22 +0300 (Full) >> ===== C4: Pos:R25. Speed:0.6. Distance: 18.6 (1.4)
2018-06-01 12:19:22 +0300 (Debug) C4> calc_new_accel: 0.0.
2018-06-01 12:19:22 +0300 (Full) >> ===== C6: Pos:R32. Speed:0.6. Distance: 38.4 (1.6)
2018-06-01 12:19:22 +0300 (Debug) C6> calc_new_accel: 0.0.
2018-06-01 12:19:22 +0300 (Full) >> ===== C4: Pos:R25. Speed:0.6. Distance: 19.2 (0.8)
2018-06-01 12:19:22 +0300 (Debug) C4> calc_new_accel: 0.0.
2018-06-01 12:19:22 +0300 (Full) >> ===== C6: Pos:R32. Speed:0.6. Distance: 39.0 (1.0)
2018-06-01 12:19:22 +0300 (Debug) C6> calc_new_accel: 0.0.
2018-06-01 12:19:22 +0300 (Full) >> ===== C4: Pos:R25. Speed:0.6. Distance: 19.8 (0.2)
2018-06-01 12:19:22 +0300 (Full) >> ===== C6: Pos:R32. Speed:0.6. Distance: 39.6 (0.4)
2018-06-01 12:19:22 +0300 (Full) >> ===== C4: Pos:R25. Speed:0.6. Distance: 20.4 (-0.4)
2018-06-01 12:19:22 +0300 (Debug) C4> [J11, 0]
2018-06-01 12:19:22 +0300 (Full) >> ===== C6: Pos:R32. Speed:0.6. Distance: 40.2 (-0.2)
2018-06-01 12:19:22 +0300 (Debug) C6> [J11, 0]
2018-06-01 12:19:22 +0300 (Warn) Car C4 crashed at J11
2018-06-01 12:19:22 +0300 (Warn) Car C6 crashed at J11
